2018-09-11 16:59:39,916 +0530 [main] INFO  (JavaReflectionManager.java:66) - HCANN000001: Hibernate Commons Annotations {4.0.5.Final}
2018-09-11 16:59:39,916 +0530 [main] INFO  (Version.java:54) - HHH000412: Hibernate Core {4.3.6.Final}
2018-09-11 16:59:39,916 +0530 [main] INFO  (Environment.java:239) - HHH000206: hibernate.properties not found
2018-09-11 16:59:39,916 +0530 [main] INFO  (Environment.java:346) - HHH000021: Bytecode provider name : javassist
2018-09-11 16:59:39,947 +0530 [main] INFO  (Configuration.java:2073) - HHH000043: Configuring from resource: /hibernate.cfg.xml
2018-09-11 16:59:39,947 +0530 [main] INFO  (Configuration.java:2092) - HHH000040: Configuration resource: /hibernate.cfg.xml
2018-09-11 16:59:39,979 +0530 [main] INFO  (Configuration.java:2214) - HHH000041: Configured SessionFactory: null
2018-09-11 16:59:40,072 +0530 [main] WARN  (DriverManagerConnectionProviderImpl.java:93) - HHH000402: Using Hibernate built-in connection pool (not for production use!)
2018-09-11 16:59:40,072 +0530 [main] INFO  (DriverManagerConnectionProviderImpl.java:166) - HHH000401: using driver [com.mysql.jdbc.Driver] at URL [jdbc:mysql://localhost:3306/kpndb]
2018-09-11 16:59:40,072 +0530 [main] INFO  (DriverManagerConnectionProviderImpl.java:175) - HHH000046: Connection properties: {user=root, password=****}
2018-09-11 16:59:40,072 +0530 [main] INFO  (DriverManagerConnectionProviderImpl.java:180) - HHH000006: Autocommit mode: false
2018-09-11 16:59:40,088 +0530 [main] INFO  (DriverManagerConnectionProviderImpl.java:102) - HHH000115: Hibernate connection pool size: 20 (min=1)
2018-09-11 16:59:40,338 +0530 [main] INFO  (Dialect.java:145) - HHH000400: Using dialect: org.hibernate.dialect.MySQLDialect
2018-09-11 16:59:40,484 +0530 [main] INFO  (TransactionFactoryInitiator.java:62) - HHH000399: Using default transaction strategy (direct JDBC transactions)
2018-09-11 16:59:40,484 +0530 [main] INFO  (ASTQueryTranslatorFactory.java:47) - HHH000397: Using ASTQueryTranslatorFactory
2018-09-11 16:59:40,640 +0530 [main] INFO  (PojoInstantiator.java:85) - HHH000182: No default (no-argument) constructor for class: com.hibernate.bo.Subject (class must be instantiated by Interceptor)
2018-09-11 16:59:40,755 +0530 [main] INFO  (SchemaExport.java:343) - HHH000227: Running hbm2ddl schema export
2018-09-11 16:59:44,747 +0530 [main] INFO  (SchemaExport.java:405) - HHH000230: Schema export complete
2018-09-11 17:03:01,736 +0530 [main] INFO  (JavaReflectionManager.java:66) - HCANN000001: Hibernate Commons Annotations {4.0.5.Final}
2018-09-11 17:03:01,752 +0530 [main] INFO  (Version.java:54) - HHH000412: Hibernate Core {4.3.6.Final}
2018-09-11 17:03:01,752 +0530 [main] INFO  (Environment.java:239) - HHH000206: hibernate.properties not found
2018-09-11 17:03:01,752 +0530 [main] INFO  (Environment.java:346) - HHH000021: Bytecode provider name : javassist
2018-09-11 17:03:01,767 +0530 [main] INFO  (Configuration.java:2073) - HHH000043: Configuring from resource: /hibernate.cfg.xml
2018-09-11 17:03:01,767 +0530 [main] INFO  (Configuration.java:2092) - HHH000040: Configuration resource: /hibernate.cfg.xml
2018-09-11 17:03:01,801 +0530 [main] INFO  (Configuration.java:2214) - HHH000041: Configured SessionFactory: null
2018-09-11 17:03:01,910 +0530 [main] WARN  (DriverManagerConnectionProviderImpl.java:93) - HHH000402: Using Hibernate built-in connection pool (not for production use!)
2018-09-11 17:03:01,910 +0530 [main] INFO  (DriverManagerConnectionProviderImpl.java:166) - HHH000401: using driver [com.mysql.jdbc.Driver] at URL [jdbc:mysql://localhost:3306/kpndb]
2018-09-11 17:03:01,910 +0530 [main] INFO  (DriverManagerConnectionProviderImpl.java:175) - HHH000046: Connection properties: {user=root, password=****}
2018-09-11 17:03:01,910 +0530 [main] INFO  (DriverManagerConnectionProviderImpl.java:180) - HHH000006: Autocommit mode: false
2018-09-11 17:03:01,910 +0530 [main] INFO  (DriverManagerConnectionProviderImpl.java:102) - HHH000115: Hibernate connection pool size: 20 (min=1)
2018-09-11 17:03:02,175 +0530 [main] INFO  (Dialect.java:145) - HHH000400: Using dialect: org.hibernate.dialect.MySQLDialect
2018-09-11 17:03:02,315 +0530 [main] INFO  (TransactionFactoryInitiator.java:62) - HHH000399: Using default transaction strategy (direct JDBC transactions)
2018-09-11 17:03:02,315 +0530 [main] INFO  (ASTQueryTranslatorFactory.java:47) - HHH000397: Using ASTQueryTranslatorFactory
2018-09-11 17:03:02,471 +0530 [main] INFO  (PojoInstantiator.java:85) - HHH000182: No default (no-argument) constructor for class: com.hibernate.bo.Subject (class must be instantiated by Interceptor)
2018-09-11 17:03:02,612 +0530 [main] INFO  (SchemaExport.java:343) - HHH000227: Running hbm2ddl schema export
2018-09-11 17:03:06,647 +0530 [main] INFO  (SchemaExport.java:405) - HHH000230: Schema export complete
